#
# There is insufficient memory for the Java Runtime Environment to continue.
# Native memory allocation (mmap) failed to map 1408237568 bytes for committing reserved memory.
# Possible reasons:
#   The system is out of physical RAM or swap space
#   In 32 bit mode, the process size limit was hit
# Possible solutions:
#   Reduce memory load on the system
#   Increase physical memory or swap space
#   Check if swap backing store is full
#   Use 64 bit Java on a 64 bit OS
#   Decrease Java heap size (-Xmx/-Xms)
#   Decrease number of Java threads
#   Decrease Java thread stack sizes (-Xss)
#   Set larger code cache with -XX:ReservedCodeCacheSize=
# This output file may be truncated or incomplete.
#
#  Out of Memory Error (os_linux.cpp:2640), pid=19063, tid=0x00007f5986d7e700
#
# JRE version:  (8.0_131-b11) (build )
# Java VM: Java HotSpot(TM) 64-Bit Server VM (25.131-b11 mixed mode linux-amd64 compressed oops)
# Failed to write core dump. Core dumps have been disabled. To enable core dumping, try "ulimit -c unlimited" before starting Java again
#

---------------  T H R E A D  ---------------

Current thread (0x00007f598000a000):  JavaThread "Unknown thread" [_thread_in_vm, id=19097, stack(0x00007f5986c7e000,0x00007f5986d7f000)]

Stack: [0x00007f5986c7e000,0x00007f5986d7f000],  sp=0x00007f5986d7d3c0,  free space=1020k
Native frames: (J=compiled Java code, j=interpreted, Vv=VM code, C=native code)
V  [libjvm.so+0xac826a]  VMError::report_and_die()+0x2ba
V  [libjvm.so+0x4fd4cb]  report_vm_out_of_memory(char const*, int, unsigned long, VMErrorType, char const*)+0x8b
V  [libjvm.so+0x924f53]  os::Linux::commit_memory_impl(char*, unsigned long, bool)+0x103
V  [libjvm.so+0x9254a9]  os::pd_commit_memory(char*, unsigned long, unsigned long, bool)+0x29
V  [libjvm.so+0x91f6ca]  os::commit_memory(char*, unsigned long, unsigned long, bool)+0x2a
V  [libjvm.so+0x9941e3]  PSVirtualSpace::expand_by(unsigned long)+0x53
V  [libjvm.so+0x9842f7]  PSOldGen::initialize(ReservedSpace, unsigned long, char const*, int)+0xb7
V  [libjvm.so+0x2d8cea]  AdjoiningGenerations::AdjoiningGenerations(ReservedSpace, GenerationSizer*, unsigned long)+0x39a
V  [libjvm.so+0x9485c6]  ParallelScavengeHeap::initialize()+0x1d6
V  [libjvm.so+0xa902e3]  Universe::initialize_heap()+0xf3
V  [libjvm.so+0xa9084e]  universe_init()+0x3e
V  [libjvm.so+0x63e3e5]  init_globals()+0x65
V  [libjvm.so+0xa73f3e]  Threads::create_vm(JavaVMInitArgs*, bool*)+0x23e
V  [libjvm.so+0x6d2ce4]  JNI_CreateJavaVM+0x74
C  [libjli.so+0x745e]  JavaMain+0x9e
C  [libpthread.so.0+0x76ba]  start_thread+0xca


---------------  P R O C E S S  ---------------

Java Threads: ( => current thread )

Other Threads:

=>0x00007f598000a000 (exited) JavaThread "Unknown thread" [_thread_in_vm, id=19097, stack(0x00007f5986c7e000,0x00007f5986d7f000)]

VM state:not at safepoint (not fully initialized)

VM Mutex/Monitor currently owned by a thread: None

GC Heap History (0 events):
No events

Deoptimization events (0 events):
No events

Internal exceptions (0 events):
No events

Events (0 events):
No events


Dynamic libraries:
00400000-00401000 r-xp 00000000 09:05 795130                             /usr/lib/jvm/java-8-oracle/bin/java
00600000-00601000 rw-p 00000000 09:05 795130                             /usr/lib/jvm/java-8-oracle/bin/java
021f5000-02216000 rw-p 00000000 00:00 0                                  [heap]
d4100000-580100000 ---p 00000000 00:00 0 
580100000-5aa000000 rw-p 00000000 00:00 0 
5aa000000-800000000 ---p 00000000 00:00 0 
7f596cb9e000-7f596ce25000 rw-p 00000000 00:00 0 
7f596ce25000-7f596f624000 ---p 00000000 00:00 0 
7f596f624000-7f596f774000 rw-p 00000000 00:00 0 
7f596f774000-7f5970a24000 ---p 00000000 00:00 0 
7f5970a24000-7f5970a2f000 rw-p 00000000 00:00 0 
7f5970a2f000-7f5970de5000 ---p 00000000 00:00 0 
7f5970de5000-7f5971055000 rwxp 00000000 00:00 0 
7f5971055000-7f597fde5000 ---p 00000000 00:00 0 
7f597fde5000-7f597fdff000 r-xp 00000000 09:05 796830                     /usr/lib/jvm/java-8-oracle/jre/lib/amd64/libzip.so
7f597fdff000-7f597ffff000 ---p 0001a000 09:05 796830                     /usr/lib/jvm/java-8-oracle/jre/lib/amd64/libzip.so
7f597ffff000-7f5980000000 rw-p 0001a000 09:05 796830                     /usr/lib/jvm/java-8-oracle/jre/lib/amd64/libzip.so
7f5980000000-7f5980035000 rw-p 00000000 00:00 0 
7f5980035000-7f5984000000 ---p 00000000 00:00 0 
7f598400a000-7f5984015000 r-xp 00000000 09:05 2795460                    /lib/x86_64-linux-gnu/libnss_files-2.23.so
7f5984015000-7f5984214000 ---p 0000b000 09:05 2795460                    /lib/x86_64-linux-gnu/libnss_files-2.23.so
7f5984214000-7f5984215000 r--p 0000a000 09:05 2795460                    /lib/x86_64-linux-gnu/libnss_files-2.23.so
7f5984215000-7f5984216000 rw-p 0000b000 09:05 2795460                    /lib/x86_64-linux-gnu/libnss_files-2.23.so
7f5984216000-7f598421c000 rw-p 00000000 00:00 0 
7f598421c000-7f5984227000 r-xp 00000000 09:05 2795464                    /lib/x86_64-linux-gnu/libnss_nis-2.23.so
7f5984227000-7f5984426000 ---p 0000b000 09:05 2795464                    /lib/x86_64-linux-gnu/libnss_nis-2.23.so
7f5984426000-7f5984427000 r--p 0000a000 09:05 2795464                    /lib/x86_64-linux-gnu/libnss_nis-2.23.so
7f5984427000-7f5984428000 rw-p 0000b000 09:05 2795464                    /lib/x86_64-linux-gnu/libnss_nis-2.23.so
7f5984428000-7f598443e000 r-xp 00000000 09:05 2795444                    /lib/x86_64-linux-gnu/libnsl-2.23.so
7f598443e000-7f598463d000 ---p 00016000 09:05 2795444                    /lib/x86_64-linux-gnu/libnsl-2.23.so
7f598463d000-7f598463e000 r--p 00015000 09:05 2795444                    /lib/x86_64-linux-gnu/libnsl-2.23.so
7f598463e000-7f598463f000 rw-p 00016000 09:05 2795444                    /lib/x86_64-linux-gnu/libnsl-2.23.so
7f598463f000-7f5984641000 rw-p 00000000 00:00 0 
7f5984641000-7f5984649000 r-xp 00000000 09:05 2795455                    /lib/x86_64-linux-gnu/libnss_compat-2.23.so
7f5984649000-7f5984848000 ---p 00008000 09:05 2795455                    /lib/x86_64-linux-gnu/libnss_compat-2.23.so
7f5984848000-7f5984849000 r--p 00007000 09:05 2795455                    /lib/x86_64-linux-gnu/libnss_compat-2.23.so
7f5984849000-7f598484a000 rw-p 00008000 09:05 2795455                    /lib/x86_64-linux-gnu/libnss_compat-2.23.so
7f598484a000-7f5984875000 r-xp 00000000 09:05 796824                     /usr/lib/jvm/java-8-oracle/jre/lib/amd64/libjava.so
7f5984875000-7f5984a74000 ---p 0002b000 09:05 796824                     /usr/lib/jvm/java-8-oracle/jre/lib/amd64/libjava.so
7f5984a74000-7f5984a76000 rw-p 0002a000 09:05 796824                     /usr/lib/jvm/java-8-oracle/jre/lib/amd64/libjava.so
7f5984a76000-7f5984a83000 r-xp 00000000 09:05 796829                     /usr/lib/jvm/java-8-oracle/jre/lib/amd64/libverify.so
7f5984a83000-7f5984c82000 ---p 0000d000 09:05 796829                     /usr/lib/jvm/java-8-oracle/jre/lib/amd64/libverify.so
7f5984c82000-7f5984c84000 rw-p 0000c000 09:05 796829                     /usr/lib/jvm/java-8-oracle/jre/lib/amd64/libverify.so
7f5984c84000-7f5984c8b000 r-xp 00000000 09:05 2795465                    /lib/x86_64-linux-gnu/librt-2.23.so
7f5984c8b000-7f5984e8a000 ---p 00007000 09:05 2795465                    /lib/x86_64-linux-gnu/librt-2.23.so
7f5984e8a000-7f5984e8b000 r--p 00006000 09:05 2795465                    /lib/x86_64-linux-gnu/librt-2.23.so
7f5984e8b000-7f5984e8c000 rw-p 00007000 09:05 2795465                    /lib/x86_64-linux-gnu/librt-2.23.so
7f5984e8c000-7f5984f94000 r-xp 00000000 09:05 2795443                    /lib/x86_64-linux-gnu/libm-2.23.so
7f5984f94000-7f5985193000 ---p 00108000 09:05 2795443                    /lib/x86_64-linux-gnu/libm-2.23.so
7f5985193000-7f5985194000 r--p 00107000 09:05 2795443                    /lib/x86_64-linux-gnu/libm-2.23.so
7f5985194000-7f5985195000 rw-p 00108000 09:05 2795443                    /lib/x86_64-linux-gnu/libm-2.23.so
7f5985195000-7f5985e64000 r-xp 00000000 09:05 796807                     /usr/lib/jvm/java-8-oracle/jre/lib/amd64/server/libjvm.so
7f5985e64000-7f5986064000 ---p 00ccf000 09:05 796807                     /usr/lib/jvm/java-8-oracle/jre/lib/amd64/server/libjvm.so
7f5986064000-7f598613d000 rw-p 00ccf000 09:05 796807                     /usr/lib/jvm/java-8-oracle/jre/lib/amd64/server/libjvm.so
7f598613d000-7f5986188000 rw-p 00000000 00:00 0 
7f5986188000-7f5986348000 r-xp 00000000 09:05 2795447                    /lib/x86_64-linux-gnu/libc-2.23.so
7f5986348000-7f5986548000 ---p 001c0000 09:05 2795447                    /lib/x86_64-linux-gnu/libc-2.23.so
7f5986548000-7f598654c000 r--p 001c0000 09:05 2795447                    /lib/x86_64-linux-gnu/libc-2.23.so
7f598654c000-7f598654e000 rw-p 001c4000 09:05 2795447                    /lib/x86_64-linux-gnu/libc-2.23.so
7f598654e000-7f5986552000 rw-p 00000000 00:00 0 
7f5986552000-7f5986555000 r-xp 00000000 09:05 2795449                    /lib/x86_64-linux-gnu/libdl-2.23.so
7f5986555000-7f5986754000 ---p 00003000 09:05 2795449                    /lib/x86_64-linux-gnu/libdl-2.23.so
7f5986754000-7f5986755000 r--p 00002000 09:05 2795449                    /lib/x86_64-linux-gnu/libdl-2.23.so
7f5986755000-7f5986756000 rw-p 00003000 09:05 2795449                    /lib/x86_64-linux-gnu/libdl-2.23.so
7f5986756000-7f598676b000 r-xp 00000000 09:05 796509                     /usr/lib/jvm/java-8-oracle/lib/amd64/jli/libjli.so
7f598676b000-7f598696b000 ---p 00015000 09:05 796509                     /usr/lib/jvm/java-8-oracle/lib/amd64/jli/libjli.so
7f598696b000-7f598696c000 rw-p 00015000 09:05 796509                     /usr/lib/jvm/java-8-oracle/lib/amd64/jli/libjli.so
7f598696c000-7f5986984000 r-xp 00000000 09:05 2795446                    /lib/x86_64-linux-gnu/libpthread-2.23.so
7f5986984000-7f5986b83000 ---p 00018000 09:05 2795446                    /lib/x86_64-linux-gnu/libpthread-2.23.so
7f5986b83000-7f5986b84000 r--p 00017000 09:05 2795446                    /lib/x86_64-linux-gnu/libpthread-2.23.so
7f5986b84000-7f5986b85000 rw-p 00018000 09:05 2795446                    /lib/x86_64-linux-gnu/libpthread-2.23.so
7f5986b85000-7f5986b89000 rw-p 00000000 00:00 0 
7f5986b89000-7f5986baf000 r-xp 00000000 09:05 2795445                    /lib/x86_64-linux-gnu/ld-2.23.so
7f5986c7e000-7f5986c81000 ---p 00000000 00:00 0 
7f5986c81000-7f5986d84000 rw-p 00000000 00:00 0 
7f5986da4000-7f5986dac000 rw-s 00000000 09:07 393229                     /tmp/hsperfdata_pari/19063
7f5986dac000-7f5986dad000 rw-p 00000000 00:00 0 
7f5986dad000-7f5986dae000 r--p 00000000 00:00 0 
7f5986dae000-7f5986daf000 r--p 00025000 09:05 2795445                    /lib/x86_64-linux-gnu/ld-2.23.so
7f5986daf000-7f5986db0000 rw-p 00026000 09:05 2795445                    /lib/x86_64-linux-gnu/ld-2.23.so
7f5986db0000-7f5986db1000 rw-p 00000000 00:00 0 
7ffe81cfc000-7ffe81d1e000 rw-p 00000000 00:00 0                          [stack]
7ffe81d58000-7ffe81d5b000 r--p 00000000 00:00 0                          [vvar]
7ffe81d5b000-7ffe81d5d000 r-xp 00000000 00:00 0                          [vdso]
ffffffffff600000-ffffffffff601000 r-xp 00000000 00:00 0                  [vsyscall]

VM Arguments:
jvm_args: -Dclassworlds.conf=/home/pari/packages/apache-maven-3.5.4/bin/m2.conf -Dmaven.home=/home/pari/packages/apache-maven-3.5.4 -Dlibrary.jansi.path=/home/pari/packages/apache-maven-3.5.4/lib/jansi-native -Dmaven.multiModuleProjectDirectory=/home/pari/query-optimizer 
java_command: org.codehaus.plexus.classworlds.launcher.Launcher package -f /home/pari/query-optimizer/pom.xml
java_class_path (initial): /home/pari/packages/apache-maven-3.5.4/boot/plexus-classworlds-2.5.2.jar
Launcher Type: SUN_STANDARD

Environment Variables:
JAVA_HOME=/usr/lib/jvm/java-8-oracle
PATH=/home/pari/bin:/home/pari/.local/bin:/usr/local/torch/bin:/home/pari/bin:/home/pari/.local/bin:/usr/local/torch/bin:/usr/local/sbin:/usr/local/bin:/usr/sbin:/usr/bin:/sbin:/bin:/usr/games:/usr/local/games:/usr/local/cuda/bin:/snap/bin:/usr/local/caffe-nvidia/bin:/usr/local/cuda/bin:/usr/lib/jvm/java-8-oracle/bin:/usr/lib/jvm/java-8-oracle/db/bin:/usr/lib/jvm/java-8-oracle/jre/bin:/home/pari/lib/bin:/home/pari/lib/postgres/bin/:/home/pari/lib/m4/bin:/home/pari/packages/apache-maven-3.5.4/bin:/home/pari/gocode/bin:/snap/bin:/usr/local/caffe-nvidia/bin:/usr/local/cuda/bin:/usr/lib/jvm/java-8-oracle/bin:/usr/lib/jvm/java-8-oracle/db/bin:/usr/lib/jvm/java-8-oracle/jre/bin:/home/pari/lib/bin:/home/pari/lib/postgres/bin/:/home/pari/lib/m4/bin:/home/pari/packages/apache-maven-3.5.4/bin:/home/pari/gocode/bin
LD_LIBRARY_PATH=/usr/local/torch/lib:/usr/local/torch/lib:
SHELL=/bin/bash
DISPLAY=localhost:10.0
DYLD_LIBRARY_PATH=/usr/local/torch/lib:/usr/local/torch/lib:

Signal Handlers:
SIGSEGV: [libjvm.so+0xac8af0], sa_mask[0]=11111111011111111101111111111110, sa_flags=SA_RESTART|SA_SIGINFO
SIGBUS: [libjvm.so+0xac8af0], sa_mask[0]=11111111011111111101111111111110, sa_flags=SA_RESTART|SA_SIGINFO
SIGFPE: [libjvm.so+0x921dd0], sa_mask[0]=11111111011111111101111111111110, sa_flags=SA_RESTART|SA_SIGINFO
SIGPIPE: [libjvm.so+0x921dd0], sa_mask[0]=11111111011111111101111111111110, sa_flags=SA_RESTART|SA_SIGINFO
SIGXFSZ: [libjvm.so+0x921dd0], sa_mask[0]=11111111011111111101111111111110, sa_flags=SA_RESTART|SA_SIGINFO
SIGILL: [libjvm.so+0x921dd0], sa_mask[0]=11111111011111111101111111111110, sa_flags=SA_RESTART|SA_SIGINFO
SIGUSR1: SIG_DFL, sa_mask[0]=00000000000000000000000000000000, sa_flags=none
SIGUSR2: [libjvm.so+0x923610], sa_mask[0]=00000000000000000000000000000000, sa_flags=SA_RESTART|SA_SIGINFO
SIGHUP: SIG_DFL, sa_mask[0]=00000000000000000000000000000000, sa_flags=none
SIGINT: SIG_DFL, sa_mask[0]=00000000000000000000000000000000, sa_flags=none
SIGTERM: SIG_DFL, sa_mask[0]=00000000000000000000000000000000, sa_flags=none
SIGQUIT: SIG_DFL, sa_mask[0]=00000000000000000000000000000000, sa_flags=none


---------------  S Y S T E M  ---------------

OS:DISTRIB_ID=Ubuntu
DISTRIB_RELEASE=16.04
DISTRIB_CODENAME=xenial
DISTRIB_DESCRIPTION="Ubuntu 16.04.2 LTS"

uname:Linux 4.4.0-139-generic #165-Ubuntu SMP Wed Oct 24 10:58:50 UTC 2018 x86_64
libc:glibc 2.23 NPTL 2.23 
rlimit: STACK 8192k, CORE 0k, NPROC 515215, NOFILE 1048576, AS infinity
load average:6.34 6.28 6.12

/proc/meminfo:
MemTotal:       131945476 kB
MemFree:          643192 kB
MemAvailable:     875176 kB
Buffers:           24824 kB
Cached:           843212 kB
SwapCached:         4312 kB
Active:         124613800 kB
Inactive:        4390940 kB
Active(anon):   124139080 kB
Inactive(anon):  4080632 kB
Active(file):     474720 kB
Inactive(file):   310308 kB
Unevictable:           0 kB
Mlocked:               0 kB
SwapTotal:      33554424 kB
SwapFree:           1032 kB
Dirty:             28468 kB
Writeback:            40 kB
AnonPages:      128133544 kB
Mapped:          1239396 kB
Shmem:             82500 kB
Slab:             677600 kB
SReclaimable:     237968 kB
SUnreclaim:       439632 kB
KernelStack:       22304 kB
PageTables:       341652 kB
NFS_Unstable:          0 kB
Bounce:                0 kB
WritebackTmp:          0 kB
CommitLimit:    99527160 kB
Committed_AS:   193741644 kB
VmallocTotal:   34359738367 kB
VmallocUsed:           0 kB
VmallocChunk:          0 kB
HardwareCorrupted:     0 kB
AnonHugePages:         0 kB
CmaTotal:              0 kB
CmaFree:               0 kB
HugePages_Total:       0
HugePages_Free:        0
HugePages_Rsvd:        0
HugePages_Surp:        0
Hugepagesize:       2048 kB
DirectMap4k:    42620228 kB
DirectMap2M:    90458112 kB
DirectMap1G:     2097152 kB


CPU:total 16 (initial active 16) (8 cores per cpu, 2 threads per core) family 6 model 63 stepping 2, cmov, cx8, fxsr, mmx, sse, sse2, sse3, ssse3, sse4.1, sse4.2, popcnt, avx, avx2, aes, clmul, erms, lzcnt, ht, tsc, tscinvbit, bmi1, bmi2

/proc/cpuinfo:
processor	: 0
vendor_id	: GenuineIntel
cpu family	: 6
model		: 63
model name	: Intel(R) Xeon(R) CPU E5-1660 v3 @ 3.00GHz
stepping	: 2
microcode	: 0x3d
cpu MHz		: 3299.882
cache size	: 20480 KB
physical id	: 0
siblings	: 16
core id		: 0
cpu cores	: 8
apicid		: 0
initial apicid	: 0
fpu		: yes
fpu_exception	: yes
cpuid level	: 15
wp		: yes
flags		: fpu vme de pse tsc msr pae mce cx8 apic sep mtrr pge mca cmov pat pse36 clflush dts acpi mmx fxsr sse sse2 ss ht tm pbe syscall nx pdpe1gb rdtscp lm constant_tsc arch_perfmon pebs bts rep_good nopl xtopology nonstop_tsc aperfmperf pni pclmulqdq dtes64 ds_cpl vmx smx est tm2 ssse3 sdbg fma cx16 xtpr pdcm pcid dca sse4_1 sse4_2 x2apic movbe popcnt tsc_deadline_timer aes xsave avx f16c rdrand lahf_lm abm epb invpcid_single ssbd ibrs ibpb stibp kaiser tpr_shadow vnmi flexpriority ept vpid fsgsbase tsc_adjust bmi1 avx2 smep bmi2 erms invpcid cqm xsaveopt cqm_llc cqm_occup_llc dtherm ida arat pln pts flush_l1d
bugs		: cpu_meltdown spectre_v1 spectre_v2 spec_store_bypass l1tf
bogomips	: 5996.35
clflush size	: 64
cache_alignment	: 64
address sizes	: 46 bits physical, 48 bits virtual
power management:

processor	: 1
vendor_id	: GenuineIntel
cpu family	: 6
model		: 63
model name	: Intel(R) Xeon(R) CPU E5-1660 v3 @ 3.00GHz
stepping	: 2
microcode	: 0x3d
cpu MHz		: 3299.882
cache size	: 20480 KB
physical id	: 0
siblings	: 16
core id		: 1
cpu cores	: 8
apicid		: 2
initial apicid	: 2
fpu		: yes
fpu_exception	: yes
cpuid level	: 15
wp		: yes
flags		: fpu vme de pse tsc msr pae mce cx8 apic sep mtrr pge mca cmov pat pse36 clflush dts acpi mmx fxsr sse sse2 ss ht tm pbe syscall nx pdpe1gb rdtscp lm constant_tsc arch_perfmon pebs bts rep_good nopl xtopology nonstop_tsc aperfmperf pni pclmulqdq dtes64 ds_cpl vmx smx est tm2 ssse3 sdbg fma cx16 xtpr pdcm pcid dca sse4_1 sse4_2 x2apic movbe popcnt tsc_deadline_timer aes xsave avx f16c rdrand lahf_lm abm epb invpcid_single ssbd ibrs ibpb stibp kaiser tpr_shadow vnmi flexpriority ept vpid fsgsbase tsc_adjust bmi1 avx2 smep bmi2 erms invpcid cqm xsaveopt cqm_llc cqm_occup_llc dtherm ida arat pln pts flush_l1d
bugs		: cpu_meltdown spectre_v1 spectre_v2 spec_store_bypass l1tf
bogomips	: 5996.35
clflush size	: 64
cache_alignment	: 64
address sizes	: 46 bits physical, 48 bits virtual
power management:

processor	: 2
vendor_id	: GenuineIntel
cpu family	: 6
model		: 63
model name	: Intel(R) Xeon(R) CPU E5-1660 v3 @ 3.00GHz
stepping	: 2
microcode	: 0x3d
cpu MHz		: 3300.000
cache size	: 20480 KB
physical id	: 0
siblings	: 16
core id		: 2
cpu cores	: 8
apicid		: 4
initial apicid	: 4
fpu		: yes
fpu_exception	: yes
cpuid level	: 15
wp		: yes
flags		: fpu vme de pse tsc msr pae mce cx8 apic sep mtrr pge mca cmov pat pse36 clflush dts acpi mmx fxsr sse sse2 ss ht tm pbe syscall nx pdpe1gb rdtscp lm constant_tsc arch_perfmon pebs bts rep_good nopl xtopology nonstop_tsc aperfmperf pni pclmulqdq dtes64 ds_cpl vmx smx est tm2 ssse3 sdbg fma cx16 xtpr pdcm pcid dca sse4_1 sse4_2 x2apic movbe popcnt tsc_deadline_timer aes xsave avx f16c rdrand lahf_lm abm epb invpcid_single ssbd ibrs ibpb stibp kaiser tpr_shadow vnmi flexpriority ept vpid fsgsbase tsc_adjust bmi1 avx2 smep bmi2 erms invpcid cqm xsaveopt cqm_llc cqm_occup_llc dtherm ida arat pln pts flush_l1d
bugs		: cpu_meltdown spectre_v1 spectre_v2 spec_store_bypass l1tf
bogomips	: 5996.35
clflush size	: 64
cache_alignment	: 64
address sizes	: 46 bits physical, 48 bits virtual
power management:

processor	: 3
vendor_id	: GenuineIntel
cpu family	: 6
model		: 63
model name	: Intel(R) Xeon(R) CPU E5-1660 v3 @ 3.00GHz
stepping	: 2
microcode	: 0x3d
cpu MHz		: 3299.882
cache size	: 20480 KB
physical id	: 0
siblings	: 16
core id		: 3
cpu cores	: 8
apicid		: 6
initial apicid	: 6
fpu		: yes
fpu_exception	: yes
cpuid level	: 15
wp		: yes
flags		: fpu vme de pse tsc msr pae mce cx8 apic sep mtrr pge mca cmov pat pse36 clflush dts acpi mmx fxsr sse sse2 ss ht tm pbe syscall nx pdpe1gb rdtscp lm constant_tsc arch_perfmon pebs bts rep_good nopl xtopology nonstop_tsc aperfmperf pni pclmulqdq dtes64 ds_cpl vmx smx est tm2 ssse3 sdbg fma cx16 xtpr pdcm pcid dca sse4_1 sse4_2 x2apic movbe popcnt tsc_deadline_timer aes xsave avx f16c rdrand lahf_lm abm epb invpcid_single ssbd ibrs ibpb stibp kaiser tpr_shadow vnmi flexpriority ept vpid fsgsbase tsc_adjust bmi1 avx2 smep bmi2 erms invpcid cqm xsaveopt cqm_llc cqm_occup_llc dtherm ida arat pln pts flush_l1d
bugs		: cpu_meltdown spectre_v1 spectre_v2 spec_store_bypass l1tf
bogomips	: 5996.35
clflush size	: 64
cache_alignment	: 64
address sizes	: 46 bits physical, 48 bits virtual
power management:

processor	: 4
vendor_id	: GenuineIntel
cpu family	: 6
model		: 63
model name	: Intel(R) Xeon(R) CPU E5-1660 v3 @ 3.00GHz
stepping	: 2
microcode	: 0x3d
cpu MHz		: 2999.882
cache size	: 20480 KB
physical id	: 0
siblings	: 16
core id		: 4
cpu cores	: 8
apicid		: 8
initial apicid	: 8
fpu		: yes
fpu_exception	: yes
cpuid level	: 15
wp		: yes
flags		: fpu vme de pse tsc msr pae mce cx8 apic sep mtrr pge mca cmov pat pse36 clflush dts acpi mmx fxsr sse sse2 ss ht tm pbe syscall nx pdpe1gb rdtscp lm constant_tsc arch_perfmon pebs bts rep_good nopl xtopology nonstop_tsc aperfmperf pni pclmulqdq dtes64 ds_cpl vmx smx est tm2 ssse3 sdbg fma cx16 xtpr pdcm pcid dca sse4_1 sse4_2 x2apic movbe popcnt tsc_deadline_timer aes xsave avx f16c rdrand lahf_lm abm epb invpcid_single ssbd ibrs ibpb stibp kaiser tpr_shadow vnmi flexpriority ept vpid fsgsbase tsc_adjust bmi1 avx2 smep bmi2 erms invpcid cqm xsaveopt cqm_llc cqm_occup_llc dtherm ida arat pln pts flush_l1d
bugs		: cpu_meltdown spectre_v1 spectre_v2 spec_store_bypass l1tf
bogomips	: 5996.35
clflush size	: 64
cache_alignment	: 64
address sizes	: 46 bits physical, 48 bits virtual
power management:

processor	: 5
vendor_id	: GenuineIntel
cpu family	: 6
model		: 63
model name	: Intel(R) Xeon(R) CPU E5-1660 v3 @ 3.00GHz
stepping	: 2
microcode	: 0x3d
cpu MHz		: 3299.882
cache size	: 20480 KB
physical id	: 0
siblings	: 16
core id		: 5
cpu cores	: 8
apicid		: 10
initial apicid	: 10
fpu		: yes
fpu_exception	: yes
cpuid level	: 15
wp		: yes
flags		: fpu vme de pse tsc msr pae mce cx8 apic sep mtrr pge mca cmov pat pse36 clflush dts acpi mmx fxsr sse sse2 ss ht tm pbe syscall nx pdpe1gb rdtscp lm constant_tsc arch_perfmon pebs bts rep_good nopl xtopology nonstop_tsc aperfmperf pni pclmulqdq dtes64 ds_cpl vmx smx est tm2 ssse3 sdbg fma cx16 xtpr pdcm pcid dca sse4_1 sse4_2 x2apic movbe popcnt tsc_deadline_timer aes xsave avx f16c rdrand lahf_lm abm epb invpcid_single ssbd ibrs ibpb stibp kaiser tpr_shadow vnmi flexpriority ept vpid fsgsbase tsc_adjust bmi1 avx2 smep bmi2 erms invpcid cqm xsaveopt cqm_llc cqm_occup_llc dtherm ida arat pln pts flush_l1d
bugs		: cpu_meltdown spectre_v1 spectre_v2 spec_store_bypass l1tf
bogomips	: 5996.35
clflush size	: 64
cache_alignment	: 64
address sizes	: 46 bits physical, 48 bits virtual
power management:

processor	: 6
vendor_id	: GenuineIntel
cpu family	: 6
model		: 63
model name	: Intel(R) Xeon(R) CPU E5-1660 v3 @ 3.00GHz
stepping	: 2
microcode	: 0x3d
cpu MHz		: 3300.000
cache size	: 20480 KB
physical id	: 0
siblings	: 16
core id		: 6
cpu cores	: 8
apicid		: 12
initial apicid	: 12
fpu		: yes
fpu_exception	: yes
cpuid level	: 15
wp		: yes
flags		: fpu vme de pse tsc msr pae mce cx8 apic sep mtrr pge mca cmov pat pse36 clflush dts acpi mmx fxsr sse sse2 ss ht tm pbe syscall nx pdpe1gb rdtscp lm constant_tsc arch_perfmon pebs bts rep_good nopl xtopology nonstop_tsc aperfmperf pni pclmulqdq dtes64 ds_cpl vmx smx est tm2 ssse3 sdbg fma cx16 xtpr pdcm pcid dca sse4_1 sse4_2 x2apic movbe popcnt tsc_deadline_timer aes xsave avx f16c rdrand lahf_lm abm epb invpcid_single ssbd ibrs ibpb stibp kaiser tpr_shadow vnmi flexpriority ept vpid fsgsbase tsc_adjust bmi1 avx2 smep bmi2 erms invpcid cqm xsaveopt cqm_llc cqm_occup_llc dtherm ida arat pln pts flush_l1d
bugs		: cpu_meltdown spectre_v1 spectre_v2 spec_store_bypass l1tf
bogomips	: 5996.35
clflush size	: 64
cache_alignment	: 64
address sizes	: 46 bits physical, 48 bits virtual
power management:

processor	: 7
vendor_id	: GenuineIntel
cpu family	: 6
model		: 63
model name	: Intel(R) Xeon(R) CPU E5-1660 v3 @ 3.00GHz
stepping	: 2
microcode	: 0x3d
cpu MHz		: 3299.882
cache size	: 20480 KB
physical id	: 0
siblings	: 16
core id		: 7
cpu cores	: 8
apicid		: 14
initial apicid	: 14
fpu		: yes
fpu_exception	: yes
cpuid level	: 15
wp		: yes
flags		: fpu vme de pse tsc msr pae mce cx8 apic sep mtrr pge mca cmov pat pse36 clflush dts acpi mmx fxsr sse sse2 ss ht tm pbe syscall nx pdpe1gb rdtscp lm constant_tsc arch_perfmon pebs bts rep_good nopl xtopology nonstop_tsc aperfmperf pni pclmulqdq dtes64 ds_cpl vmx smx est tm2 ssse3 sdbg fma cx16 xtpr pdcm pcid dca sse4_1 sse4_2 x2apic movbe popcnt tsc_deadline_timer aes xsave avx f16c rdrand lahf_lm abm epb invpcid_single ssbd ibrs ibpb stibp kaiser tpr_shadow vnmi flexpriority ept vpid fsgsbase tsc_adjust bmi1 avx2 smep bmi2 erms invpcid cqm xsaveopt cqm_llc cqm_occup_llc dtherm ida arat pln pts flush_l1d
bugs		: cpu_meltdown spectre_v1 spectre_v2 spec_store_bypass l1tf
bogomips	: 5996.35
clflush size	: 64
cache_alignment	: 64
address sizes	: 46 bits physical, 48 bits virtual
power management:

processor	: 8
vendor_id	: GenuineIntel
cpu family	: 6
model		: 63
model name	: Intel(R) Xeon(R) CPU E5-1660 v3 @ 3.00GHz
stepping	: 2
microcode	: 0x3d
cpu MHz		: 3299.882
cache size	: 20480 KB
physical id	: 0
siblings	: 16
core id		: 0
cpu cores	: 8
apicid		: 1
initial apicid	: 1
fpu		: yes
fpu_exception	: yes
cpuid level	: 15
wp		: yes
flags		: fpu vme de pse tsc msr pae mce cx8 apic sep mtrr pge mca cmov pat pse36 clflush dts acpi mmx fxsr sse sse2 ss ht tm pbe syscall nx pdpe1gb rdtscp lm constant_tsc arch_perfmon pebs bts rep_good nopl xtopology nonstop_tsc aperfmperf pni pclmulqdq dtes64 ds_cpl vmx smx est tm2 ssse3 sdbg fma cx16 xtpr pdcm pcid dca sse4_1 sse4_2 x2apic movbe popcnt tsc_deadline_timer aes xsave avx f16c rdrand lahf_lm abm epb invpcid_single ssbd ibrs ibpb stibp kaiser tpr_shadow vnmi flexpriority ept vpid fsgsbase tsc_adjust bmi1 avx2 smep bmi2 erms invpcid cqm xsaveopt cqm_llc cqm_occup_llc dtherm ida arat pln pts flush_l1d
bugs		: cpu_meltdown spectre_v1 spectre_v2 spec_store_bypass l1tf
bogomips	: 5996.35
clflush size	: 64
cache_alignment	: 64
address sizes	: 46 bits physical, 48 bits virtual
power management:

processor	: 9
vendor_id	: GenuineIntel
cpu family	: 6
model		: 63
model name	: Intel(R) Xeon(R) CPU E5-1660 v3 @ 3.00GHz
stepping	: 2
microcode	: 0x3d
cpu MHz		: 3299.882
cache size	: 20480 KB
physical id	: 0
siblings	: 16
core id		: 1
cpu cores	: 8
apicid		: 3
initial apicid	: 3
fpu		: yes
fpu_exception	: yes
cpuid level	: 15
wp		: yes
flags		: fpu vme de pse tsc msr pae mce cx8 apic sep mtrr pge mca cmov pat pse36 clflush dts acpi mmx fxsr sse sse2 ss ht tm pbe syscall nx pdpe1gb rdtscp lm constant_tsc arch_perfmon pebs bts rep_good nopl xtopology nonstop_tsc aperfmperf pni pclmulqdq dtes64 ds_cpl vmx smx est tm2 ssse3 sdbg fma cx16 xtpr pdcm pcid dca sse4_1 sse4_2 x2apic movbe popcnt tsc_deadline_timer aes xsave avx f16c rdrand lahf_lm abm epb invpcid_single ssbd ibrs ibpb stibp kaiser tpr_shadow vnmi flexpriority ept vpid fsgsbase tsc_adjust bmi1 avx2 smep bmi2 erms invpcid cqm xsaveopt cqm_llc cqm_occup_llc dtherm ida arat pln pts flush_l1d
bugs		: cpu_meltdown spectre_v1 spectre_v2 spec_store_bypass l1tf
bogomips	: 5996.35
clflush size	: 64
cache_alignment	: 64
address sizes	: 46 bits physical, 48 bits virtual
power management:

processor	: 10
vendor_id	: GenuineIntel
cpu family	: 6
model		: 63
model name	: Intel(R) Xeon(R) CPU E5-1660 v3 @ 3.00GHz
stepping	: 2
microcode	: 0x3d
cpu MHz		: 3300.000
cache size	: 20480 KB
physical id	: 0
siblings	: 16
core id		: 2
cpu cores	: 8
apicid		: 5
initial apicid	: 5
fpu		: yes
fpu_exception	: yes
cpuid level	: 15
wp		: yes
flags		: fpu vme de pse tsc msr pae mce cx8 apic sep mtrr pge mca cmov pat pse36 clflush dts acpi mmx fxsr sse sse2 ss ht tm pbe syscall nx pdpe1gb rdtscp lm constant_tsc arch_perfmon pebs bts rep_good nopl xtopology nonstop_tsc aperfmperf pni pclmulqdq dtes64 ds_cpl vmx smx est tm2 ssse3 sdbg fma cx16 xtpr pdcm pcid dca sse4_1 sse4_2 x2apic movbe popcnt tsc_deadline_timer aes xsave avx f16c rdrand lahf_lm abm epb invpcid_single ssbd ibrs ibpb stibp kaiser tpr_shadow vnmi flexpriority ept vpid fsgsbase tsc_adjust bmi1 avx2 smep bmi2 erms invpcid cqm xsaveopt cqm_llc cqm_occup_llc dtherm ida arat pln pts flush_l1d
bugs		: cpu_meltdown spectre_v1 spectre_v2 spec_store_bypass l1tf
bogomips	: 5996.35
clflush size	: 64
cache_alignment	: 64
address sizes	: 46 bits physical, 48 bits virtual
power management:

processor	: 11
vendor_id	: GenuineIntel
cpu family	: 6
model		: 63
model name	: Intel(R) Xeon(R) CPU E5-1660 v3 @ 3.00GHz
stepping	: 2
microcode	: 0x3d
cpu MHz		: 3300.000
cache size	: 20480 KB
physical id	: 0
siblings	: 16
core id		: 3
cpu cores	: 8
apicid		: 7
initial apicid	: 7
fpu		: yes
fpu_exception	: yes
cpuid level	: 15
wp		: yes
flags		: fpu vme de pse tsc msr pae mce cx8 apic sep mtrr pge mca cmov pat pse36 clflush dts acpi mmx fxsr sse sse2 ss ht tm pbe syscall nx pdpe1gb rdtscp lm constant_tsc arch_perfmon pebs bts rep_good nopl xtopology nonstop_tsc aperfmperf pni pclmulqdq dtes64 ds_cpl vmx smx est tm2 ssse3 sdbg fma cx16 xtpr pdcm pcid dca sse4_1 sse4_2 x2apic movbe popcnt tsc_deadline_timer aes xsave avx f16c rdrand lahf_lm abm epb invpcid_single ssbd ibrs ibpb stibp kaiser tpr_shadow vnmi flexpriority ept vpid fsgsbase tsc_adjust bmi1 avx2 smep bmi2 erms invpcid cqm xsaveopt cqm_llc cqm_occup_llc dtherm ida arat pln pts flush_l1d
bugs		: cpu_meltdown spectre_v1 spectre_v2 spec_store_bypass l1tf
bogomips	: 5996.35
clflush size	: 64
cache_alignment	: 64
address sizes	: 46 bits physical, 48 bits virtual
power management:

processor	: 12
vendor_id	: GenuineIntel
cpu family	: 6
model		: 63
model name	: Intel(R) Xeon(R) CPU E5-1660 v3 @ 3.00GHz
stepping	: 2
microcode	: 0x3d
cpu MHz		: 2999.882
cache size	: 20480 KB
physical id	: 0
siblings	: 16
core id		: 4
cpu cores	: 8
apicid		: 9
initial apicid	: 9
fpu		: yes
fpu_exception	: yes
cpuid level	: 15
wp		: yes
flags		: fpu vme de pse tsc msr pae mce cx8 apic sep mtrr pge mca cmov pat pse36 clflush dts acpi mmx fxsr sse sse2 ss ht tm pbe syscall nx pdpe1gb rdtscp lm constant_tsc arch_perfmon pebs bts rep_good nopl xtopology nonstop_tsc aperfmperf pni pclmulqdq dtes64 ds_cpl vmx smx est tm2 ssse3 sdbg fma cx16 xtpr pdcm pcid dca sse4_1 sse4_2 x2apic movbe popcnt tsc_deadline_timer aes xsave avx f16c rdrand lahf_lm abm epb invpcid_single ssbd ibrs ibpb stibp kaiser tpr_shadow vnmi flexpriority ept vpid fsgsbase tsc_adjust bmi1 avx2 smep bmi2 erms invpcid cqm xsaveopt cqm_llc cqm_occup_llc dtherm ida arat pln pts flush_l1d
bugs		: cpu_meltdown spectre_v1 spectre_v2 spec_store_bypass l1tf
bogomips	: 5996.35
clflush size	: 64
cache_alignment	: 64
address sizes	: 46 bits physical, 48 bits virtual
power management:

processor	: 13
vendor_id	: GenuineIntel
cpu family	: 6
model		: 63
model name	: Intel(R) Xeon(R) CPU E5-1660 v3 @ 3.00GHz
stepping	: 2
microcode	: 0x3d
cpu MHz		: 3299.882
cache size	: 20480 KB
physical id	: 0
siblings	: 16
core id		: 5
cpu cores	: 8
apicid		: 11
initial apicid	: 11
fpu		: yes
fpu_exception	: yes
cpuid level	: 15
wp		: yes
flags		: fpu vme de pse tsc msr pae mce cx8 apic sep mtrr pge mca cmov pat pse36 clflush dts acpi mmx fxsr sse sse2 ss ht tm pbe syscall nx pdpe1gb rdtscp lm constant_tsc arch_perfmon pebs bts rep_good nopl xtopology nonstop_tsc aperfmperf pni pclmulqdq dtes64 ds_cpl vmx smx est tm2 ssse3 sdbg fma cx16 xtpr pdcm pcid dca sse4_1 sse4_2 x2apic movbe popcnt tsc_deadline_timer aes xsave avx f16c rdrand lahf_lm abm epb invpcid_single ssbd ibrs ibpb stibp kaiser tpr_shadow vnmi flexpriority ept vpid fsgsbase tsc_adjust bmi1 avx2 smep bmi2 erms invpcid cqm xsaveopt cqm_llc cqm_occup_llc dtherm ida arat pln pts flush_l1d
bugs		: cpu_meltdown spectre_v1 spectre_v2 spec_store_bypass l1tf
bogomips	: 5996.35
clflush size	: 64
cache_alignment	: 64
address sizes	: 46 bits physical, 48 bits virtual
power management:

processor	: 14
vendor_id	: GenuineIntel
cpu family	: 6
model		: 63
model name	: Intel(R) Xeon(R) CPU E5-1660 v3 @ 3.00GHz
stepping	: 2
microcode	: 0x3d
cpu MHz		: 3299.882
cache size	: 20480 KB
physical id	: 0
siblings	: 16
core id		: 6
cpu cores	: 8
apicid		: 13
initial apicid	: 13
fpu		: yes
fpu_exception	: yes
cpuid level	: 15
wp		: yes
flags		: fpu vme de pse tsc msr pae mce cx8 apic sep mtrr pge mca cmov pat pse36 clflush dts acpi mmx fxsr sse sse2 ss ht tm pbe syscall nx pdpe1gb rdtscp lm constant_tsc arch_perfmon pebs bts rep_good nopl xtopology nonstop_tsc aperfmperf pni pclmulqdq dtes64 ds_cpl vmx smx est tm2 ssse3 sdbg fma cx16 xtpr pdcm pcid dca sse4_1 sse4_2 x2apic movbe popcnt tsc_deadline_timer aes xsave avx f16c rdrand lahf_lm abm epb invpcid_single ssbd ibrs ibpb stibp kaiser tpr_shadow vnmi flexpriority ept vpid fsgsbase tsc_adjust bmi1 avx2 smep bmi2 erms invpcid cqm xsaveopt cqm_llc cqm_occup_llc dtherm ida arat pln pts flush_l1d
bugs		: cpu_meltdown spectre_v1 spectre_v2 spec_store_bypass l1tf
bogomips	: 5996.35
clflush size	: 64
cache_alignment	: 64
address sizes	: 46 bits physical, 48 bits virtual
power management:

processor	: 15
vendor_id	: GenuineIntel
cpu family	: 6
model		: 63
model name	: Intel(R) Xeon(R) CPU E5-1660 v3 @ 3.00GHz
stepping	: 2
microcode	: 0x3d
cpu MHz		: 3300.000
cache size	: 20480 KB
physical id	: 0
siblings	: 16
core id		: 7
cpu cores	: 8
apicid		: 15
initial apicid	: 15
fpu		: yes
fpu_exception	: yes
cpuid level	: 15
wp		: yes
flags		: fpu vme de pse tsc msr pae mce cx8 apic sep mtrr pge mca cmov pat pse36 clflush dts acpi mmx fxsr sse sse2 ss ht tm pbe syscall nx pdpe1gb rdtscp lm constant_tsc arch_perfmon pebs bts rep_good nopl xtopology nonstop_tsc aperfmperf pni pclmulqdq dtes64 ds_cpl vmx smx est tm2 ssse3 sdbg fma cx16 xtpr pdcm pcid dca sse4_1 sse4_2 x2apic movbe popcnt tsc_deadline_timer aes xsave avx f16c rdrand lahf_lm abm epb invpcid_single ssbd ibrs ibpb stibp kaiser tpr_shadow vnmi flexpriority ept vpid fsgsbase tsc_adjust bmi1 avx2 smep bmi2 erms invpcid cqm xsaveopt cqm_llc cqm_occup_llc dtherm ida arat pln pts flush_l1d
bugs		: cpu_meltdown spectre_v1 spectre_v2 spec_store_bypass l1tf
bogomips	: 5996.35
clflush size	: 64
cache_alignment	: 64
address sizes	: 46 bits physical, 48 bits virtual
power management:



Memory: 4k page, physical 131945476k(643192k free), swap 33554424k(1032k free)

vm_info: Java HotSpot(TM) 64-Bit Server VM (25.131-b11) for linux-amd64 JRE (1.8.0_131-b11), built on Mar 15 2017 01:23:40 by "java_re" with gcc 4.3.0 20080428 (Red Hat 4.3.0-8)

time: Fri Dec 21 16:16:45 2018
elapsed time: 0 seconds (0d 0h 0m 0s)

